C:\Users\user\Documents\GitHub\HyperXTalk\config.py:277: SyntaxWarning: "\d" is an invalid escape sequence. Such sequences will not work in the future. Did you mean "\\d"? A raw string is also an option.
  sdk, ver = re.match('^([^\d]*)(\d*)', target_sdk).groups()
C:\Users\user\Documents\GitHub\HyperXTalk\config.py:277: SyntaxWarning: "\d" is an invalid escape sequence. Such sequences will not work in the future. Did you mean "\\d"? A raw string is also an option.
  sdk, ver = re.match('^([^\d]*)(\d*)', target_sdk).groups()
C:\Users\user\Documents\GitHub\HyperXTalk\config.py:277: SyntaxWarning: "\d" is an invalid escape sequence. Such sequences will not work in the future. Did you mean "\\d"? A raw string is also an option.
  sdk, ver = re.match('^([^\d]*)(\d*)', target_sdk).groups()
C:\Users\user\Documents\GitHub\HyperXTalk\config.py:277: SyntaxWarning: "\d" is an invalid escape sequence. Such sequences will not work in the future. Did you mean "\\d"? A raw string is also an option.
  sdk, ver = re.match('^([^\d]*)(\d*)', target_sdk).groups()
C:\Users\user\Documents\GitHub\HyperXTalk\config.py:277: SyntaxWarning: "\d" is an invalid escape sequence. Such sequences will not work in the future. Did you mean "\\d"? A raw string is also an option.
  sdk, ver = re.match('^([^\d]*)(\d*)', target_sdk).groups()
C:\Users\user\Documents\GitHub\HyperXTalk\config.py:277: SyntaxWarning: "\d" is an invalid escape sequence. Such sequences will not work in the future. Did you mean "\\d"? A raw string is also an option.
  sdk, ver = re.match('^([^\d]*)(\d*)', target_sdk).groups()
C:\Users\user\Documents\GitHub\HyperXTalk\config.py:277: SyntaxWarning: "\d" is an invalid escape sequence. Such sequences will not work in the future. Did you mean "\\d"? A raw string is also an option.
  sdk, ver = re.match('^([^\d]*)(\d*)', target_sdk).groups()
C:\Users\user\Documents\GitHub\HyperXTalk\config.py:277: SyntaxWarning: "\d" is an invalid escape sequence. Such sequences will not work in the future. Did you mean "\\d"? A raw string is also an option.
  sdk, ver = re.match('^([^\d]*)(\d*)', target_sdk).groups()
C:\Users\user\Documents\GitHub\HyperXTalk\config.py:277: SyntaxWarning: "\d" is an invalid escape sequence. Such sequences will not work in the future. Did you mean "\\d"? A raw string is also an option.
  sdk, ver = re.match('^([^\d]*)(\d*)', target_sdk).groups()
<string>:828: SyntaxWarning: "\." is an invalid escape sequence. Such sequences will not work in the future. Did you mean "\\."? A raw string is also an option.
<string>:846: SyntaxWarning: "\." is an invalid escape sequence. Such sequences will not work in the future. Did you mean "\\."? A raw string is also an option.
<string>:863: SyntaxWarning: "\." is an invalid escape sequence. Such sequences will not work in the future. Did you mean "\\."? A raw string is also an option.
<string>:887: SyntaxWarning: "\." is an invalid escape sequence. Such sequences will not work in the future. Did you mean "\\."? A raw string is also an option.
<string>:901: SyntaxWarning: "\." is an invalid escape sequence. Such sequences will not work in the future. Did you mean "\\."? A raw string is also an option.
<string>:828: SyntaxWarning: "\." is an invalid escape sequence. Such sequences will not work in the future. Did you mean "\\."? A raw string is also an option.
<string>:846: SyntaxWarning: "\." is an invalid escape sequence. Such sequences will not work in the future. Did you mean "\\."? A raw string is also an option.
<string>:863: SyntaxWarning: "\." is an invalid escape sequence. Such sequences will not work in the future. Did you mean "\\."? A raw string is also an option.
<string>:887: SyntaxWarning: "\." is an invalid escape sequence. Such sequences will not work in the future. Did you mean "\\."? A raw string is also an option.
<string>:901: SyntaxWarning: "\." is an invalid escape sequence. Such sequences will not work in the future. Did you mean "\\."? A raw string is also an option.
<string>:828: SyntaxWarning: "\." is an invalid escape sequence. Such sequences will not work in the future. Did you mean "\\."? A raw string is also an option.
<string>:846: SyntaxWarning: "\." is an invalid escape sequence. Such sequences will not work in the future. Did you mean "\\."? A raw string is also an option.
<string>:863: SyntaxWarning: "\." is an invalid escape sequence. Such sequences will not work in the future. Did you mean "\\."? A raw string is also an option.
<string>:887: SyntaxWarning: "\." is an invalid escape sequence. Such sequences will not work in the future. Did you mean "\\."? A raw string is also an option.
<string>:901: SyntaxWarning: "\." is an invalid escape sequence. Such sequences will not work in the future. Did you mean "\\."? A raw string is also an option.
<string>:828: SyntaxWarning: "\." is an invalid escape sequence. Such sequences will not work in the future. Did you mean "\\."? A raw string is also an option.
<string>:846: SyntaxWarning: "\." is an invalid escape sequence. Such sequences will not work in the future. Did you mean "\\."? A raw string is also an option.
<string>:863: SyntaxWarning: "\." is an invalid escape sequence. Such sequences will not work in the future. Did you mean "\\."? A raw string is also an option.
<string>:887: SyntaxWarning: "\." is an invalid escape sequence. Such sequences will not work in the future. Did you mean "\\."? A raw string is also an option.
<string>:901: SyntaxWarning: "\." is an invalid escape sequence. Such sequences will not work in the future. Did you mean "\\."? A raw string is also an option.
<string>:828: SyntaxWarning: "\." is an invalid escape sequence. Such sequences will not work in the future. Did you mean "\\."? A raw string is also an option.
<string>:846: SyntaxWarning: "\." is an invalid escape sequence. Such sequences will not work in the future. Did you mean "\\."? A raw string is also an option.
<string>:863: SyntaxWarning: "\." is an invalid escape sequence. Such sequences will not work in the future. Did you mean "\\."? A raw string is also an option.
<string>:887: SyntaxWarning: "\." is an invalid escape sequence. Such sequences will not work in the future. Did you mean "\\."? A raw string is also an option.
<string>:901: SyntaxWarning: "\." is an invalid escape sequence. Such sequences will not work in the future. Did you mean "\\."? A raw string is also an option.
<string>:828: SyntaxWarning: "\." is an invalid escape sequence. Such sequences will not work in the future. Did you mean "\\."? A raw string is also an option.
<string>:846: SyntaxWarning: "\." is an invalid escape sequence. Such sequences will not work in the future. Did you mean "\\."? A raw string is also an option.
<string>:863: SyntaxWarning: "\." is an invalid escape sequence. Such sequences will not work in the future. Did you mean "\\."? A raw string is also an option.
<string>:887: SyntaxWarning: "\." is an invalid escape sequence. Such sequences will not work in the future. Did you mean "\\."? A raw string is also an option.
<string>:901: SyntaxWarning: "\." is an invalid escape sequence. Such sequences will not work in the future. Did you mean "\\."? A raw string is also an option.
<string>:828: SyntaxWarning: "\." is an invalid escape sequence. Such sequences will not work in the future. Did you mean "\\."? A raw string is also an option.
<string>:846: SyntaxWarning: "\." is an invalid escape sequence. Such sequences will not work in the future. Did you mean "\\."? A raw string is also an option.
<string>:863: SyntaxWarning: "\." is an invalid escape sequence. Such sequences will not work in the future. Did you mean "\\."? A raw string is also an option.
<string>:887: SyntaxWarning: "\." is an invalid escape sequence. Such sequences will not work in the future. Did you mean "\\."? A raw string is also an option.
<string>:901: SyntaxWarning: "\." is an invalid escape sequence. Such sequences will not work in the future. Did you mean "\\."? A raw string is also an option.
<string>:828: SyntaxWarning: "\." is an invalid escape sequence. Such sequences will not work in the future. Did you mean "\\."? A raw string is also an option.
<string>:846: SyntaxWarning: "\." is an invalid escape sequence. Such sequences will not work in the future. Did you mean "\\."? A raw string is also an option.
<string>:863: SyntaxWarning: "\." is an invalid escape sequence. Such sequences will not work in the future. Did you mean "\\."? A raw string is also an option.
<string>:887: SyntaxWarning: "\." is an invalid escape sequence. Such sequences will not work in the future. Did you mean "\\."? A raw string is also an option.
<string>:901: SyntaxWarning: "\." is an invalid escape sequence. Such sequences will not work in the future. Did you mean "\\."? A raw string is also an option.
gyp --format msvs --depth . --generator-output build-win-x86_64\livecode -DOS=win -Dperl=perl.exe -Dbuild_edition=community -Duniform_arch=x86_64 -Gmsvs_version=2015 -Dtarget_arch=x64
Traceback (most recent call last):
  File "C:\Users\user\Documents\GitHub\HyperXTalk\config.py", line 816, in <module>
    configure(sys.argv[1:])
    ~~~~~~~~~^^^^^^^^^^^^^^
  File "C:\Users\user\Documents\GitHub\HyperXTalk\config.py", line 795, in configure
    configure_procs[opts['OS']](opts)
    ~~~~~~~~~~~~~~~~~~~~~~~~~~~^^^^^^
  File "C:\Users\user\Documents\GitHub\HyperXTalk\config.py", line 763, in configure_win
    exec_gyp(args + opts['GYP_OPTIONS'])
    ~~~~~~~~^^^^^^^^^^^^^^^^^^^^^^^^^^^^
  File "C:\Users\user\Documents\GitHub\HyperXTalk\config.py", line 141, in exec_gyp
    sys.exit(gyp.main(args))
             ~~~~~~~~^^^^^^
  File "C:\Users\user\Documents\GitHub\HyperXTalk\gyp\pylib\gyp\__init__.py", line 526, in main
    return gyp_main(args)
  File "C:\Users\user\Documents\GitHub\HyperXTalk\gyp\pylib\gyp\__init__.py", line 511, in gyp_main
    generator.GenerateOutput(flat_list, targets, data, params)
    ~~~~~~~~~~~~~~~~~~~~~~~~^^^^^^^^^^^^^^^^^^^^^^^^^^^^^^^^^^
  File "C:\Users\user\Documents\GitHub\HyperXTalk\gyp\pylib\gyp\generator\msvs.py", line 2015, in GenerateOutput
    print >> sys.stdout, "Warning: " + error_message
    ~~~~~~^^~~~~~~~~~~~
TypeError: unsupported operand type(s) for >>: 'builtin_function_or_method' and '_io.TextIOWrapper'
DONE 
