c:\users\user\documents\github\hyperxtalk\build\libscript\release\stdscript.pdb
c:\users\user\documents\github\hyperxtalk\build\libscript\release\obj\stdscript\module-string.obj
c:\users\user\documents\github\hyperxtalk\build\libscript\release\obj\stdscript\module-stream.obj
c:\users\user\documents\github\hyperxtalk\build\libscript\release\obj\stdscript\module-sort.obj
c:\users\user\documents\github\hyperxtalk\build\libscript\release\obj\stdscript\module-math.obj
c:\users\user\documents\github\hyperxtalk\build\libscript\release\obj\stdscript\module-math_foundation.obj
c:\users\user\documents\github\hyperxtalk\build\libscript\release\obj\stdscript\module-logic.obj
c:\users\user\documents\github\hyperxtalk\build\libscript\release\obj\stdscript\module-list.obj
c:\users\user\documents\github\hyperxtalk\build\libscript\release\obj\stdscript\module-java.obj
c:\users\user\documents\github\hyperxtalk\build\libscript\release\obj\stdscript\module-foreign.obj
c:\users\user\documents\github\hyperxtalk\build\libscript\release\obj\stdscript\module-file.obj
c:\users\user\documents\github\hyperxtalk\build\libscript\release\obj\stdscript\module-encoding.obj
c:\users\user\documents\github\hyperxtalk\build\libscript\release\obj\stdscript\module-date.obj
c:\users\user\documents\github\hyperxtalk\build\libscript\release\obj\stdscript\module-codeunit.obj
c:\users\user\documents\github\hyperxtalk\build\libscript\release\obj\stdscript\module-char.obj
c:\users\user\documents\github\hyperxtalk\build\libscript\release\obj\stdscript\module-byte.obj
c:\users\user\documents\github\hyperxtalk\build\libscript\release\obj\stdscript\module-bitwise.obj
c:\users\user\documents\github\hyperxtalk\build\libscript\release\obj\stdscript\module-binary.obj
c:\users\user\documents\github\hyperxtalk\build\libscript\release\obj\stdscript\module-assert.obj
c:\users\user\documents\github\hyperxtalk\build\libscript\release\obj\stdscript\module-array.obj
c:\users\user\documents\github\hyperxtalk\build\libscript\release\obj\stdscript\module-arithmetic.obj
c:\users\user\documents\github\hyperxtalk\build\libscript\release\obj\stdscript\module-url.obj
c:\users\user\documents\github\hyperxtalk\build\libscript\release\obj\stdscript\module-unittest_impl.obj
c:\users\user\documents\github\hyperxtalk\build\libscript\release\obj\stdscript\module-unittest.obj
c:\users\user\documents\github\hyperxtalk\build\libscript\release\obj\stdscript\module-type.obj
c:\users\user\documents\github\hyperxtalk\build\libscript\release\obj\stdscript\module-type_convert.obj
c:\users\user\documents\github\hyperxtalk\build\libscript\release\obj\stdscript\module-system.obj
c:\users\user\documents\github\hyperxtalk\build\libscript\release\lib\stdscript.lib
c:\users\user\documents\github\hyperxtalk\build\libscript\release\obj\stdscript\stdscript.tlog\cl.command.1.tlog
c:\users\user\documents\github\hyperxtalk\build\libscript\release\obj\stdscript\stdscript.tlog\cl.items.tlog
c:\users\user\documents\github\hyperxtalk\build\libscript\release\obj\stdscript\stdscript.tlog\cl.read.1.tlog
c:\users\user\documents\github\hyperxtalk\build\libscript\release\obj\stdscript\stdscript.tlog\cl.write.1.tlog
c:\users\user\documents\github\hyperxtalk\build\libscript\release\obj\stdscript\stdscript.tlog\lib-link.read.1.tlog
c:\users\user\documents\github\hyperxtalk\build\libscript\release\obj\stdscript\stdscript.tlog\lib-link.write.1.tlog
c:\users\user\documents\github\hyperxtalk\build\libscript\release\obj\stdscript\stdscript.tlog\lib.command.1.tlog
