c:\users\user\documents\github\hyperxtalk\build\libgraphics\release\libgraphics.pdb
c:\users\user\documents\github\hyperxtalk\build\libgraphics\release\obj\libgraphics\drawing.obj
c:\users\user\documents\github\hyperxtalk\build\libgraphics\release\obj\libgraphics\legacygradients.obj
c:\users\user\documents\github\hyperxtalk\build\libgraphics\release\obj\libgraphics\skstipplemaskfilter.obj
c:\users\user\documents\github\hyperxtalk\build\libgraphics\release\obj\libgraphics\utils.obj
c:\users\user\documents\github\hyperxtalk\build\libgraphics\release\obj\libgraphics\spread.obj
c:\users\user\documents\github\hyperxtalk\build\libgraphics\release\obj\libgraphics\region.obj
c:\users\user\documents\github\hyperxtalk\build\libgraphics\release\obj\libgraphics\path.obj
c:\users\user\documents\github\hyperxtalk\build\libgraphics\release\obj\libgraphics\image.obj
c:\users\user\documents\github\hyperxtalk\build\libgraphics\release\obj\libgraphics\directwrite-skia.obj
c:\users\user\documents\github\hyperxtalk\build\libgraphics\release\obj\libgraphics\context.obj
c:\users\user\documents\github\hyperxtalk\build\libgraphics\release\obj\libgraphics\cachetable.obj
c:\users\user\documents\github\hyperxtalk\build\libgraphics\release\obj\libgraphics\blur.obj
c:\users\user\documents\github\hyperxtalk\build\libgraphics\release\lib\libgraphics.lib
c:\users\user\documents\github\hyperxtalk\build\libgraphics\release\obj\libgraphics\libgraphics.tlog\cl.command.1.tlog
c:\users\user\documents\github\hyperxtalk\build\libgraphics\release\obj\libgraphics\libgraphics.tlog\cl.items.tlog
c:\users\user\documents\github\hyperxtalk\build\libgraphics\release\obj\libgraphics\libgraphics.tlog\cl.read.1.tlog
c:\users\user\documents\github\hyperxtalk\build\libgraphics\release\obj\libgraphics\libgraphics.tlog\cl.write.1.tlog
c:\users\user\documents\github\hyperxtalk\build\libgraphics\release\obj\libgraphics\libgraphics.tlog\lib-link.read.1.tlog
c:\users\user\documents\github\hyperxtalk\build\libgraphics\release\obj\libgraphics\libgraphics.tlog\lib-link.write.1.tlog
c:\users\user\documents\github\hyperxtalk\build\libgraphics\release\obj\libgraphics\libgraphics.tlog\lib.command.1.tlog
