c:\users\user\documents\github\hyperxtalk\build\engine\release\libfoundation.pdb
c:\users\user\documents\github\hyperxtalk\build\libfoundation\release\obj\libfoundation\foundation-objc-dummy.obj
c:\users\user\documents\github\hyperxtalk\build\libfoundation\release\obj\libfoundation\foundation-unicodechars.obj
c:\users\user\documents\github\hyperxtalk\build\libfoundation\release\obj\libfoundation\foundation-set.obj
c:\users\user\documents\github\hyperxtalk\build\libfoundation\release\obj\libfoundation\foundation-math.obj
c:\users\user\documents\github\hyperxtalk\build\libfoundation\release\libfoundation.pdb
c:\users\user\documents\github\hyperxtalk\build\libfoundation\release\obj\libfoundation\foundation-record.obj
c:\users\user\documents\github\hyperxtalk\build\libfoundation\release\obj\libfoundation\foundation-proper-list.obj
c:\users\user\documents\github\hyperxtalk\build\libfoundation\release\obj\libfoundation\foundation-pickle.obj
c:\users\user\documents\github\hyperxtalk\build\libfoundation\release\obj\libfoundation\foundation-number.obj
c:\users\user\documents\github\hyperxtalk\build\libfoundation\release\obj\libfoundation\foundation-name.obj
c:\users\user\documents\github\hyperxtalk\build\libfoundation\release\obj\libfoundation\foundation-locale.obj
c:\users\user\documents\github\hyperxtalk\build\libfoundation\release\obj\libfoundation\foundation-list.obj
c:\users\user\documents\github\hyperxtalk\build\libfoundation\release\obj\libfoundation\foundation-handler.obj
c:\users\user\documents\github\hyperxtalk\build\libfoundation\release\obj\libfoundation\foundation-foreign.obj
c:\users\user\documents\github\hyperxtalk\build\libfoundation\release\obj\libfoundation\foundation-filters.obj
c:\users\user\documents\github\hyperxtalk\build\libfoundation\release\obj\libfoundation\foundation-error.obj
c:\users\user\documents\github\hyperxtalk\build\libfoundation\release\obj\libfoundation\foundation-debug.obj
c:\users\user\documents\github\hyperxtalk\build\libfoundation\release\obj\libfoundation\foundation-data.obj
c:\users\user\documents\github\hyperxtalk\build\libfoundation\release\obj\libfoundation\foundation-custom.obj
c:\users\user\documents\github\hyperxtalk\build\libfoundation\release\obj\libfoundation\foundation-core.obj
c:\users\user\documents\github\hyperxtalk\build\libfoundation\release\obj\libfoundation\foundation-chunk.obj
c:\users\user\documents\github\hyperxtalk\build\libfoundation\release\obj\libfoundation\foundation-bidi.obj
c:\users\user\documents\github\hyperxtalk\build\libfoundation\release\obj\libfoundation\foundation-array.obj
c:\users\user\documents\github\hyperxtalk\build\libfoundation\release\obj\libfoundation\system-info.obj
c:\users\user\documents\github\hyperxtalk\build\libfoundation\release\obj\libfoundation\system-stream.obj
c:\users\user\documents\github\hyperxtalk\build\libfoundation\release\obj\libfoundation\system-random.obj
c:\users\user\documents\github\hyperxtalk\build\libfoundation\release\obj\libfoundation\system-library.obj
c:\users\user\documents\github\hyperxtalk\build\libfoundation\release\obj\libfoundation\system-init.obj
c:\users\user\documents\github\hyperxtalk\build\libfoundation\release\obj\libfoundation\system-file-w32.obj
c:\users\user\documents\github\hyperxtalk\build\libfoundation\release\obj\libfoundation\system-file.obj
c:\users\user\documents\github\hyperxtalk\build\libfoundation\release\obj\libfoundation\system-error.obj
c:\users\user\documents\github\hyperxtalk\build\libfoundation\release\obj\libfoundation\system-commandline.obj
c:\users\user\documents\github\hyperxtalk\build\libfoundation\release\obj\libfoundation\foundation-java-stubs.obj
c:\users\user\documents\github\hyperxtalk\build\libfoundation\release\obj\libfoundation\foundation-value.obj
c:\users\user\documents\github\hyperxtalk\build\libfoundation\release\obj\libfoundation\foundation-unicode.obj
c:\users\user\documents\github\hyperxtalk\build\libfoundation\release\obj\libfoundation\foundation-typeinfo.obj
c:\users\user\documents\github\hyperxtalk\build\libfoundation\release\obj\libfoundation\foundation-typeconvert.obj
c:\users\user\documents\github\hyperxtalk\build\libfoundation\release\obj\libfoundation\foundation-text.obj
c:\users\user\documents\github\hyperxtalk\build\libfoundation\release\obj\libfoundation\foundation-string.obj
c:\users\user\documents\github\hyperxtalk\build\libfoundation\release\obj\libfoundation\foundation-stream.obj
c:\users\user\documents\github\hyperxtalk\build\libfoundation\release\obj\libfoundation\src\libfoundationjvm.stubs.cpp
c:\users\user\documents\github\hyperxtalk\build\libfoundation\release\lib\libfoundation.lib
c:\users\user\documents\github\hyperxtalk\build\libfoundation\release\obj\libfoundation\libfoundation.tlog\cl.command.1.tlog
c:\users\user\documents\github\hyperxtalk\build\libfoundation\release\obj\libfoundation\libfoundation.tlog\cl.items.tlog
c:\users\user\documents\github\hyperxtalk\build\libfoundation\release\obj\libfoundation\libfoundation.tlog\cl.read.1.tlog
c:\users\user\documents\github\hyperxtalk\build\libfoundation\release\obj\libfoundation\libfoundation.tlog\cl.write.1.tlog
c:\users\user\documents\github\hyperxtalk\build\libfoundation\release\obj\libfoundation\libfoundation.tlog\custombuild.command.1.tlog
c:\users\user\documents\github\hyperxtalk\build\libfoundation\release\obj\libfoundation\libfoundation.tlog\custombuild.read.1.tlog
c:\users\user\documents\github\hyperxtalk\build\libfoundation\release\obj\libfoundation\libfoundation.tlog\custombuild.write.1.tlog
c:\users\user\documents\github\hyperxtalk\build\libfoundation\release\obj\libfoundation\libfoundation.tlog\lib-link.read.1.tlog
c:\users\user\documents\github\hyperxtalk\build\libfoundation\release\obj\libfoundation\libfoundation.tlog\lib-link.write.1.tlog
c:\users\user\documents\github\hyperxtalk\build\libfoundation\release\obj\libfoundation\libfoundation.tlog\lib.command.1.tlog
