c:\users\user\documents\github\hyperxtalk\build\prebuilt\release\externals\cef\cef.pak
c:\users\user\documents\github\hyperxtalk\build\prebuilt\release\externals\cef\cef_100_percent.pak
c:\users\user\documents\github\hyperxtalk\build\prebuilt\release\externals\cef\cef_200_percent.pak
c:\users\user\documents\github\hyperxtalk\build\prebuilt\release\externals\cef\cef_extensions.pak
c:\users\user\documents\github\hyperxtalk\build\prebuilt\release\externals\cef\d3dcompiler_47.dll
c:\users\user\documents\github\hyperxtalk\build\prebuilt\release\externals\cef\devtools_resources.pak
c:\users\user\documents\github\hyperxtalk\build\prebuilt\release\externals\cef\icudtl.dat
c:\users\user\documents\github\hyperxtalk\build\prebuilt\release\externals\cef\libcef.dll
c:\users\user\documents\github\hyperxtalk\build\prebuilt\release\externals\cef\libegl.dll
c:\users\user\documents\github\hyperxtalk\build\prebuilt\release\externals\cef\libglesv2.dll
c:\users\user\documents\github\hyperxtalk\build\prebuilt\release\externals\cef\natives_blob.bin
c:\users\user\documents\github\hyperxtalk\build\prebuilt\release\externals\cef\snapshot_blob.bin
c:\users\user\documents\github\hyperxtalk\build\prebuilt\release\externals\cef\v8_context_snapshot.bin
c:\users\user\documents\github\hyperxtalk\build\prebuilt\release\externals\cef\chrome_elf.dll
c:\users\user\documents\github\hyperxtalk\build\prebuilt\release\externals\cef\swiftshader\libegl.dll
c:\users\user\documents\github\hyperxtalk\build\prebuilt\release\externals\cef\swiftshader\libglesv2.dll
c:\users\user\documents\github\hyperxtalk\build\prebuilt\release\externals\cef\locales\am.pak
c:\users\user\documents\github\hyperxtalk\build\prebuilt\release\externals\cef\locales\ar.pak
c:\users\user\documents\github\hyperxtalk\build\prebuilt\release\externals\cef\locales\bg.pak
c:\users\user\documents\github\hyperxtalk\build\prebuilt\release\externals\cef\locales\bn.pak
c:\users\user\documents\github\hyperxtalk\build\prebuilt\release\externals\cef\locales\ca.pak
c:\users\user\documents\github\hyperxtalk\build\prebuilt\release\externals\cef\locales\cs.pak
c:\users\user\documents\github\hyperxtalk\build\prebuilt\release\externals\cef\locales\de.pak
c:\users\user\documents\github\hyperxtalk\build\prebuilt\release\externals\cef\locales\el.pak
c:\users\user\documents\github\hyperxtalk\build\prebuilt\release\externals\cef\locales\en-gb.pak
c:\users\user\documents\github\hyperxtalk\build\prebuilt\release\externals\cef\locales\en-us.pak
c:\users\user\documents\github\hyperxtalk\build\prebuilt\release\externals\cef\locales\es.pak
c:\users\user\documents\github\hyperxtalk\build\prebuilt\release\externals\cef\locales\es-419.pak
c:\users\user\documents\github\hyperxtalk\build\prebuilt\release\externals\cef\locales\et.pak
c:\users\user\documents\github\hyperxtalk\build\prebuilt\release\externals\cef\locales\fa.pak
c:\users\user\documents\github\hyperxtalk\build\prebuilt\release\externals\cef\locales\fi.pak
c:\users\user\documents\github\hyperxtalk\build\prebuilt\release\externals\cef\locales\fil.pak
c:\users\user\documents\github\hyperxtalk\build\prebuilt\release\externals\cef\locales\fr.pak
c:\users\user\documents\github\hyperxtalk\build\prebuilt\release\externals\cef\locales\gu.pak
c:\users\user\documents\github\hyperxtalk\build\prebuilt\release\externals\cef\locales\he.pak
c:\users\user\documents\github\hyperxtalk\build\prebuilt\release\externals\cef\locales\hi.pak
c:\users\user\documents\github\hyperxtalk\build\prebuilt\release\externals\cef\locales\hr.pak
c:\users\user\documents\github\hyperxtalk\build\prebuilt\release\externals\cef\locales\hu.pak
c:\users\user\documents\github\hyperxtalk\build\prebuilt\release\externals\cef\locales\id.pak
c:\users\user\documents\github\hyperxtalk\build\prebuilt\release\externals\cef\locales\it.pak
c:\users\user\documents\github\hyperxtalk\build\prebuilt\release\externals\cef\locales\ja.pak
c:\users\user\documents\github\hyperxtalk\build\prebuilt\release\externals\cef\locales\kn.pak
c:\users\user\documents\github\hyperxtalk\build\prebuilt\release\externals\cef\locales\ko.pak
c:\users\user\documents\github\hyperxtalk\build\prebuilt\release\externals\cef\locales\lt.pak
c:\users\user\documents\github\hyperxtalk\build\prebuilt\release\externals\cef\locales\lv.pak
c:\users\user\documents\github\hyperxtalk\build\prebuilt\release\externals\cef\locales\ml.pak
c:\users\user\documents\github\hyperxtalk\build\prebuilt\release\externals\cef\locales\mr.pak
c:\users\user\documents\github\hyperxtalk\build\prebuilt\release\externals\cef\locales\ms.pak
c:\users\user\documents\github\hyperxtalk\build\prebuilt\release\externals\cef\locales\nb.pak
c:\users\user\documents\github\hyperxtalk\build\prebuilt\release\externals\cef\locales\nl.pak
c:\users\user\documents\github\hyperxtalk\build\prebuilt\release\externals\cef\locales\pl.pak
c:\users\user\documents\github\hyperxtalk\build\prebuilt\release\externals\cef\locales\pt-br.pak
c:\users\user\documents\github\hyperxtalk\build\prebuilt\release\externals\cef\locales\pt-pt.pak
c:\users\user\documents\github\hyperxtalk\build\prebuilt\release\externals\cef\locales\ro.pak
c:\users\user\documents\github\hyperxtalk\build\prebuilt\release\externals\cef\locales\ru.pak
c:\users\user\documents\github\hyperxtalk\build\prebuilt\release\externals\cef\locales\sk.pak
c:\users\user\documents\github\hyperxtalk\build\prebuilt\release\externals\cef\locales\sl.pak
c:\users\user\documents\github\hyperxtalk\build\prebuilt\release\externals\cef\locales\sr.pak
c:\users\user\documents\github\hyperxtalk\build\prebuilt\release\externals\cef\locales\sv.pak
c:\users\user\documents\github\hyperxtalk\build\prebuilt\release\externals\cef\locales\sw.pak
c:\users\user\documents\github\hyperxtalk\build\prebuilt\release\externals\cef\locales\ta.pak
c:\users\user\documents\github\hyperxtalk\build\prebuilt\release\externals\cef\locales\te.pak
c:\users\user\documents\github\hyperxtalk\build\prebuilt\release\externals\cef\locales\th.pak
c:\users\user\documents\github\hyperxtalk\build\prebuilt\release\externals\cef\locales\tr.pak
c:\users\user\documents\github\hyperxtalk\build\prebuilt\release\externals\cef\locales\uk.pak
c:\users\user\documents\github\hyperxtalk\build\prebuilt\release\externals\cef\locales\vi.pak
c:\users\user\documents\github\hyperxtalk\build\prebuilt\release\externals\cef\locales\zh-cn.pak
c:\users\user\documents\github\hyperxtalk\build\prebuilt\release\externals\cef\locales\zh-tw.pak
c:\users\user\documents\github\hyperxtalk\build\prebuilt\release\obj\libcef\libcef.tlog\custombuild.command.1.tlog
c:\users\user\documents\github\hyperxtalk\build\prebuilt\release\obj\libcef\libcef.tlog\custombuild.read.1.tlog
c:\users\user\documents\github\hyperxtalk\build\prebuilt\release\obj\libcef\libcef.tlog\custombuild.write.1.tlog
