c:\users\user\documents\github\hyperxtalk\build\engine\release\kernel.pdb
c:\users\user\documents\github\hyperxtalk\build\engine\release\obj\kernel\tilecache.obj
c:\users\user\documents\github\hyperxtalk\build\engine\release\obj\kernel\surface.obj
c:\users\user\documents\github\hyperxtalk\build\engine\release\obj\kernel\resolution.obj
c:\users\user\documents\github\hyperxtalk\build\engine\release\obj\kernel\region.obj
c:\users\user\documents\github\hyperxtalk\build\engine\release\obj\kernel\redraw.obj
c:\users\user\documents\github\hyperxtalk\build\engine\release\obj\kernel\printer.obj
c:\users\user\documents\github\hyperxtalk\build\engine\release\obj\kernel\path.obj
c:\users\user\documents\github\hyperxtalk\build\engine\release\obj\kernel\metacontext.obj
c:\users\user\documents\github\hyperxtalk\build\engine\release\obj\kernel\mctheme.obj
c:\users\user\documents\github\hyperxtalk\build\engine\release\obj\kernel\imagelist.obj
c:\users\user\documents\github\hyperxtalk\build\engine\release\obj\kernel\graphicscontext.obj
c:\users\user\documents\github\hyperxtalk\build\engine\release\obj\kernel\graphics_util.obj
c:\users\user\documents\github\hyperxtalk\build\engine\release\obj\kernel\gradient.obj
c:\users\user\documents\github\hyperxtalk\build\engine\release\obj\kernel\fonttable.obj
c:\users\user\documents\github\hyperxtalk\build\engine\release\obj\kernel\font.obj
c:\users\user\documents\github\hyperxtalk\build\engine\release\obj\kernel\customprinter.obj
c:\users\user\documents\github\hyperxtalk\build\engine\release\obj\kernel\combiners.obj
c:\users\user\documents\github\hyperxtalk\build\engine\release\obj\kernel\color.obj
c:\users\user\documents\github\hyperxtalk\build\engine\release\obj\kernel\bitmapeffectblur.obj
c:\users\user\documents\github\hyperxtalk\build\engine\release\obj\kernel\bitmapeffect.obj
c:\users\user\documents\github\hyperxtalk\build\engine\release\obj\kernel\hndlrlst.obj
c:\users\user\documents\github\hyperxtalk\build\engine\release\obj\kernel\handler.obj
c:\users\user\documents\github\hyperxtalk\build\engine\release\obj\kernel\funcsm.obj
c:\users\user\documents\github\hyperxtalk\build\engine\release\obj\kernel\funcs.obj
c:\users\user\documents\github\hyperxtalk\build\engine\release\obj\kernel\externalv1.obj
c:\users\user\documents\github\hyperxtalk\build\engine\release\obj\kernel\externalv0.obj
c:\users\user\documents\github\hyperxtalk\build\engine\release\obj\kernel\external.obj
c:\users\user\documents\github\hyperxtalk\build\engine\release\obj\kernel\express.obj
c:\users\user\documents\github\hyperxtalk\build\engine\release\obj\kernel\date.obj
c:\users\user\documents\github\hyperxtalk\build\engine\release\obj\kernel\cmdss.obj
c:\users\user\documents\github\hyperxtalk\build\engine\release\obj\kernel\cmdsp.obj
c:\users\user\documents\github\hyperxtalk\build\engine\release\obj\kernel\cmdsm.obj
c:\users\user\documents\github\hyperxtalk\build\engine\release\obj\kernel\cmdsf.obj
c:\users\user\documents\github\hyperxtalk\build\engine\release\obj\kernel\cmdse.obj
c:\users\user\documents\github\hyperxtalk\build\engine\release\obj\kernel\cmdsc.obj
c:\users\user\documents\github\hyperxtalk\build\engine\release\obj\kernel\cmds.obj
c:\users\user\documents\github\hyperxtalk\build\engine\release\obj\kernel\chunk.obj
c:\users\user\documents\github\hyperxtalk\build\engine\release\obj\kernel\ask.obj
c:\users\user\documents\github\hyperxtalk\build\engine\release\obj\kernel\answer.obj
c:\users\user\documents\github\hyperxtalk\build\engine\release\obj\kernel\tilecachesw.obj
c:\users\user\documents\github\hyperxtalk\build\engine\release\obj\kernel\mcio.obj
c:\users\user\documents\github\hyperxtalk\build\engine\release\obj\kernel\mcerror.obj
c:\users\user\documents\github\hyperxtalk\build\engine\release\obj\kernel\globals.obj
c:\users\user\documents\github\hyperxtalk\build\engine\release\obj\kernel\filepath.obj
c:\users\user\documents\github\hyperxtalk\build\engine\release\obj\kernel\eventqueue.obj
c:\users\user\documents\github\hyperxtalk\build\engine\release\obj\kernel\dllst.obj
c:\users\user\documents\github\hyperxtalk\build\engine\release\obj\kernel\debug.obj
c:\users\user\documents\github\hyperxtalk\build\engine\release\obj\kernel\capsule.obj
c:\users\user\documents\github\hyperxtalk\build\engine\release\obj\kernel\license.obj
c:\users\user\documents\github\hyperxtalk\build\engine\release\obj\kernel\visual.obj
c:\users\user\documents\github\hyperxtalk\build\engine\release\obj\kernel\variable.obj
c:\users\user\documents\github\hyperxtalk\build\engine\release\obj\kernel\statemnt.obj
c:\users\user\documents\github\hyperxtalk\build\engine\release\obj\kernel\scriptpt.obj
c:\users\user\documents\github\hyperxtalk\build\engine\release\obj\kernel\property.obj
c:\users\user\documents\github\hyperxtalk\build\engine\release\obj\kernel\param.obj
c:\users\user\documents\github\hyperxtalk\build\engine\release\obj\kernel\operator.obj
c:\users\user\documents\github\hyperxtalk\build\engine\release\obj\kernel\newobj.obj
c:\users\user\documents\github\hyperxtalk\build\engine\release\obj\kernel\mcmessagedigest.obj
c:\users\user\documents\github\hyperxtalk\build\engine\release\obj\kernel\literal.obj
c:\users\user\documents\github\hyperxtalk\build\engine\release\obj\kernel\keywords.obj
c:\users\user\documents\github\hyperxtalk\build\engine\release\obj\kernel\block.obj
c:\users\user\documents\github\hyperxtalk\build\engine\release\obj\kernel\aclip.obj
c:\users\user\documents\github\hyperxtalk\build\engine\release\obj\kernel\patternmatcher.obj
c:\users\user\documents\github\hyperxtalk\build\engine\release\obj\kernel\uuid.obj
c:\users\user\documents\github\hyperxtalk\build\engine\release\obj\kernel\util.obj
c:\users\user\documents\github\hyperxtalk\build\engine\release\obj\kernel\unicode.obj
c:\users\user\documents\github\hyperxtalk\build\engine\release\obj\kernel\uidc.obj
c:\users\user\documents\github\hyperxtalk\build\engine\release\obj\kernel\text.obj
c:\users\user\documents\github\hyperxtalk\build\engine\release\obj\kernel\sha3.obj
c:\users\user\documents\github\hyperxtalk\build\engine\release\obj\kernel\sha512.obj
c:\users\user\documents\github\hyperxtalk\build\engine\release\obj\kernel\sha256.obj
c:\users\user\documents\github\hyperxtalk\build\engine\release\obj\kernel\sha1.obj
c:\users\user\documents\github\hyperxtalk\build\engine\release\obj\kernel\securemode.obj
c:\users\user\documents\github\hyperxtalk\build\engine\release\obj\kernel\regex.obj
c:\users\user\documents\github\hyperxtalk\build\engine\release\obj\kernel\opensslsocket.obj
c:\users\user\documents\github\hyperxtalk\build\engine\release\obj\kernel\notify.obj
c:\users\user\documents\github\hyperxtalk\build\engine\release\obj\kernel\md5.obj
c:\users\user\documents\github\hyperxtalk\build\engine\release\obj\kernel\mcutility.obj
c:\users\user\documents\github\hyperxtalk\build\engine\release\obj\kernel\mcstring.obj
c:\users\user\documents\github\hyperxtalk\build\engine\release\obj\kernel\mcssl.obj
c:\users\user\documents\github\hyperxtalk\build\engine\release\obj\kernel\hc.obj
c:\users\user\documents\github\hyperxtalk\build\engine\release\obj\kernel\group.obj
c:\users\user\documents\github\hyperxtalk\build\engine\release\obj\kernel\graphic.obj
c:\users\user\documents\github\hyperxtalk\build\engine\release\obj\kernel\fieldstyledtext.obj
c:\users\user\documents\github\hyperxtalk\build\engine\release\obj\kernel\fields.obj
c:\users\user\documents\github\hyperxtalk\build\engine\release\obj\kernel\fieldrtf.obj
c:\users\user\documents\github\hyperxtalk\build\engine\release\obj\kernel\fieldhtml.obj
c:\users\user\documents\github\hyperxtalk\build\engine\release\obj\kernel\fieldh.obj
c:\users\user\documents\github\hyperxtalk\build\engine\release\obj\kernel\fieldf.obj
c:\users\user\documents\github\hyperxtalk\build\engine\release\obj\kernel\field.obj
c:\users\user\documents\github\hyperxtalk\build\engine\release\obj\kernel\eps.obj
c:\users\user\documents\github\hyperxtalk\build\engine\release\obj\kernel\edittool.obj
c:\users\user\documents\github\hyperxtalk\build\engine\release\obj\kernel\dispatch.obj
c:\users\user\documents\github\hyperxtalk\build\engine\release\obj\kernel\cpalette.obj
c:\users\user\documents\github\hyperxtalk\build\engine\release\obj\kernel\control.obj
c:\users\user\documents\github\hyperxtalk\build\engine\release\obj\kernel\cdata.obj
c:\users\user\documents\github\hyperxtalk\build\engine\release\obj\kernel\cardlst.obj
c:\users\user\documents\github\hyperxtalk\build\engine\release\obj\kernel\card.obj
c:\users\user\documents\github\hyperxtalk\build\engine\release\obj\kernel\buttondraw.obj
c:\users\user\documents\github\hyperxtalk\build\engine\release\obj\kernel\button.obj
c:\users\user\documents\github\hyperxtalk\build\engine\release\obj\kernel\irle.obj
c:\users\user\documents\github\hyperxtalk\build\engine\release\obj\kernel\iquantize_new.obj
c:\users\user\documents\github\hyperxtalk\build\engine\release\obj\kernel\iquantization.obj
c:\users\user\documents\github\hyperxtalk\build\engine\release\obj\kernel\ipng.obj
c:\users\user\documents\github\hyperxtalk\build\engine\release\obj\kernel\internal.obj
c:\users\user\documents\github\hyperxtalk\build\engine\release\obj\kernel\imageloader.obj
c:\users\user\documents\github\hyperxtalk\build\engine\release\obj\kernel\imagebitmap.obj
c:\users\user\documents\github\hyperxtalk\build\engine\release\obj\kernel\image_rep_resampled.obj
c:\users\user\documents\github\hyperxtalk\build\engine\release\obj\kernel\image_rep_mutable.obj
c:\users\user\documents\github\hyperxtalk\build\engine\release\obj\kernel\image_rep_gimage.obj
c:\users\user\documents\github\hyperxtalk\build\engine\release\obj\kernel\image_rep_encoded.obj
c:\users\user\documents\github\hyperxtalk\build\engine\release\obj\kernel\image_rep_densitymapped.obj
c:\users\user\documents\github\hyperxtalk\build\engine\release\obj\kernel\image_rep.obj
c:\users\user\documents\github\hyperxtalk\build\engine\release\obj\kernel\image.obj
c:\users\user\documents\github\hyperxtalk\build\engine\release\obj\kernel\ijpg.obj
c:\users\user\documents\github\hyperxtalk\build\engine\release\obj\kernel\iimport.obj
c:\users\user\documents\github\hyperxtalk\build\engine\release\obj\kernel\igif.obj
c:\users\user\documents\github\hyperxtalk\build\engine\release\obj\kernel\ifile.obj
c:\users\user\documents\github\hyperxtalk\build\engine\release\obj\kernel\idraw.obj
c:\users\user\documents\github\hyperxtalk\build\engine\release\obj\kernel\ibmp.obj
c:\users\user\documents\github\hyperxtalk\build\engine\release\obj\kernel\scrollbardraw.obj
c:\users\user\documents\github\hyperxtalk\build\engine\release\obj\kernel\scrolbar.obj
c:\users\user\documents\github\hyperxtalk\build\engine\release\obj\kernel\rtfsupport.obj
c:\users\user\documents\github\hyperxtalk\build\engine\release\obj\kernel\rtf.obj
c:\users\user\documents\github\hyperxtalk\build\engine\release\obj\kernel\player-platform.obj
c:\users\user\documents\github\hyperxtalk\build\engine\release\obj\kernel\player.obj
c:\users\user\documents\github\hyperxtalk\build\engine\release\obj\kernel\pickle.obj
c:\users\user\documents\github\hyperxtalk\build\engine\release\obj\kernel\parentscript.obj
c:\users\user\documents\github\hyperxtalk\build\engine\release\obj\kernel\paragrafattr.obj
c:\users\user\documents\github\hyperxtalk\build\engine\release\obj\kernel\paragraf.obj
c:\users\user\documents\github\hyperxtalk\build\engine\release\obj\kernel\objptr.obj
c:\users\user\documents\github\hyperxtalk\build\engine\release\obj\kernel\objectstream.obj
c:\users\user\documents\github\hyperxtalk\build\engine\release\obj\kernel\objectpropsets.obj
c:\users\user\documents\github\hyperxtalk\build\engine\release\obj\kernel\objectprops.obj
c:\users\user\documents\github\hyperxtalk\build\engine\release\obj\kernel\object.obj
c:\users\user\documents\github\hyperxtalk\build\engine\release\obj\kernel\menuparse.obj
c:\users\user\documents\github\hyperxtalk\build\engine\release\obj\kernel\magnify.obj
c:\users\user\documents\github\hyperxtalk\build\engine\release\obj\kernel\line.obj
c:\users\user\documents\github\hyperxtalk\build\engine\release\obj\kernel\iutil.obj
c:\users\user\documents\github\hyperxtalk\build\engine\release\obj\kernel\itransform.obj
c:\users\user\documents\github\hyperxtalk\build\engine\release\obj\kernel\dskw32.obj
c:\users\user\documents\github\hyperxtalk\build\engine\release\obj\kernel\widget-popup.obj
c:\users\user\documents\github\hyperxtalk\build\engine\release\obj\kernel\widget-syntax.obj
c:\users\user\documents\github\hyperxtalk\build\engine\release\obj\kernel\widget-ref.obj
c:\users\user\documents\github\hyperxtalk\build\engine\release\obj\kernel\widget-events.obj
c:\users\user\documents\github\hyperxtalk\build\engine\release\obj\kernel\widget.obj
c:\users\user\documents\github\hyperxtalk\build\engine\release\obj\kernel\vclip.obj
c:\users\user\documents\github\hyperxtalk\build\engine\release\obj\kernel\undolst.obj
c:\users\user\documents\github\hyperxtalk\build\engine\release\obj\kernel\tooltip.obj
c:\users\user\documents\github\hyperxtalk\build\engine\release\obj\kernel\styledtext.obj
c:\users\user\documents\github\hyperxtalk\build\engine\release\obj\kernel\stackview.obj
c:\users\user\documents\github\hyperxtalk\build\engine\release\obj\kernel\stacklst.obj
c:\users\user\documents\github\hyperxtalk\build\engine\release\obj\kernel\stackfileformat.obj
c:\users\user\documents\github\hyperxtalk\build\engine\release\obj\kernel\stacke.obj
c:\users\user\documents\github\hyperxtalk\build\engine\release\obj\kernel\stackcache.obj
c:\users\user\documents\github\hyperxtalk\build\engine\release\obj\kernel\stack3.obj
c:\users\user\documents\github\hyperxtalk\build\engine\release\obj\kernel\stack2.obj
c:\users\user\documents\github\hyperxtalk\build\engine\release\obj\kernel\stack.obj
c:\users\user\documents\github\hyperxtalk\build\engine\release\obj\kernel\sellst.obj
c:\users\user\documents\github\hyperxtalk\build\engine\release\obj\kernel\segment.obj
c:\users\user\documents\github\hyperxtalk\build\engine\release\obj\kernel\exec-interface-graphic.obj
c:\users\user\documents\github\hyperxtalk\build\engine\release\obj\kernel\exec-interface-field-chunk.obj
c:\users\user\documents\github\hyperxtalk\build\engine\release\obj\kernel\exec-interface-field.obj
c:\users\user\documents\github\hyperxtalk\build\engine\release\obj\kernel\exec-interface-control.obj
c:\users\user\documents\github\hyperxtalk\build\engine\release\obj\kernel\exec-interface-card.obj
c:\users\user\documents\github\hyperxtalk\build\engine\release\obj\kernel\exec-interface-button.obj
c:\users\user\documents\github\hyperxtalk\build\engine\release\obj\kernel\exec-interface-aclip.obj
c:\users\user\documents\github\hyperxtalk\build\engine\release\obj\kernel\exec-interface2.obj
c:\users\user\documents\github\hyperxtalk\build\engine\release\obj\kernel\exec-interface.obj
c:\users\user\documents\github\hyperxtalk\build\engine\release\obj\kernel\exec-ide.obj
c:\users\user\documents\github\hyperxtalk\build\engine\release\obj\kernel\exec-graphics.obj
c:\users\user\documents\github\hyperxtalk\build\engine\release\obj\kernel\exec-filters.obj
c:\users\user\documents\github\hyperxtalk\build\engine\release\obj\kernel\exec-files.obj
c:\users\user\documents\github\hyperxtalk\build\engine\release\obj\kernel\exec-extension.obj
c:\users\user\documents\github\hyperxtalk\build\engine\release\obj\kernel\exec-engine.obj
c:\users\user\documents\github\hyperxtalk\build\engine\release\obj\kernel\exec-dialog.obj
c:\users\user\documents\github\hyperxtalk\build\engine\release\obj\kernel\exec-debugging.obj
c:\users\user\documents\github\hyperxtalk\build\engine\release\obj\kernel\exec-datetime.obj
c:\users\user\documents\github\hyperxtalk\build\engine\release\obj\kernel\exec-array.obj
c:\users\user\documents\github\hyperxtalk\build\engine\release\obj\kernel\exec.obj
c:\users\user\documents\github\hyperxtalk\build\engine\release\obj\kernel\exec-strings.obj
c:\users\user\documents\github\hyperxtalk\build\engine\release\obj\kernel\exec-server.obj
c:\users\user\documents\github\hyperxtalk\build\engine\release\obj\kernel\exec-security.obj
c:\users\user\documents\github\hyperxtalk\build\engine\release\obj\kernel\exec-scripting.obj
c:\users\user\documents\github\hyperxtalk\build\engine\release\obj\kernel\exec-printing.obj
c:\users\user\documents\github\hyperxtalk\build\engine\release\obj\kernel\exec-pasteboard.obj
c:\users\user\documents\github\hyperxtalk\build\engine\release\obj\kernel\exec-network.obj
c:\users\user\documents\github\hyperxtalk\build\engine\release\obj\kernel\exec-multimedia.obj
c:\users\user\documents\github\hyperxtalk\build\engine\release\obj\kernel\exec-math.obj
c:\users\user\documents\github\hyperxtalk\build\engine\release\obj\kernel\exec-logic.obj
c:\users\user\documents\github\hyperxtalk\build\engine\release\obj\kernel\exec-legacy.obj
c:\users\user\documents\github\hyperxtalk\build\engine\release\obj\kernel\exec-keywords.obj
c:\users\user\documents\github\hyperxtalk\build\engine\release\obj\kernel\exec-interface-widget.obj
c:\users\user\documents\github\hyperxtalk\build\engine\release\obj\kernel\exec-interface-vclip.obj
c:\users\user\documents\github\hyperxtalk\build\engine\release\obj\kernel\exec-interface-stack.obj
c:\users\user\documents\github\hyperxtalk\build\engine\release\obj\kernel\exec-interface-scrollbar.obj
c:\users\user\documents\github\hyperxtalk\build\engine\release\obj\kernel\exec-interface-player.obj
c:\users\user\documents\github\hyperxtalk\build\engine\release\obj\kernel\exec-interface-object.obj
c:\users\user\documents\github\hyperxtalk\build\engine\release\obj\kernel\exec-interface-image.obj
c:\users\user\documents\github\hyperxtalk\build\engine\release\obj\kernel\exec-interface-group.obj
c:\users\user\documents\github\hyperxtalk\build\engine\release\obj\kernel\dskw32main.obj
c:\users\user\documents\github\hyperxtalk\build\engine\release\obj\kernel\dskmain.obj
c:\users\user\documents\github\hyperxtalk\build\engine\release\obj\kernel\native-layer.obj
c:\users\user\documents\github\hyperxtalk\build\engine\release\obj\kernel\w32-clipboard.obj
c:\users\user\documents\github\hyperxtalk\build\engine\release\obj\kernel\raw-clipboard.obj
c:\users\user\documents\github\hyperxtalk\build\engine\release\obj\kernel\clipboard.obj
c:\users\user\documents\github\hyperxtalk\build\engine\release\obj\kernel\socket_resolve.obj
c:\users\user\documents\github\hyperxtalk\build\engine\release\obj\kernel\windows-theme.obj
c:\users\user\documents\github\hyperxtalk\build\engine\release\obj\kernel\w32flst.obj
c:\users\user\documents\github\hyperxtalk\build\engine\release\obj\kernel\w32date.obj
c:\users\user\documents\github\hyperxtalk\build\engine\release\obj\kernel\quicktime.obj
c:\users\user\documents\github\hyperxtalk\build\engine\release\obj\kernel\sysw32registry.obj
c:\users\user\documents\github\hyperxtalk\build\engine\release\obj\kernel\sysw32region.obj
c:\users\user\documents\github\hyperxtalk\build\engine\release\obj\kernel\sysw32network.obj
c:\users\user\documents\github\hyperxtalk\build\engine\release\obj\kernel\sysw32fs.obj
c:\users\user\documents\github\hyperxtalk\build\engine\release\obj\kernel\sysspec-url.obj
c:\users\user\documents\github\hyperxtalk\build\engine\release\obj\kernel\sysspec.obj
c:\users\user\documents\github\hyperxtalk\build\engine\release\obj\kernel\foundation-legacy.obj
c:\users\user\documents\github\hyperxtalk\build\engine\release\obj\kernel\exec-text.obj
c:\users\user\documents\github\hyperxtalk\build\engine\release\obj\kernel\exec-strings-chunk.obj
c:\users\user\documents\github\hyperxtalk\build\engine\release\obj\kernel\w32prefix.obj
c:\users\user\documents\github\hyperxtalk\build\engine\release\obj\kernel\w32-ds-player.obj
c:\users\user\documents\github\hyperxtalk\build\engine\release\obj\kernel\w32misc.obj
c:\users\user\documents\github\hyperxtalk\build\engine\release\obj\kernel\w32image.obj
c:\users\user\documents\github\hyperxtalk\build\engine\release\obj\kernel\w32icon.obj
c:\users\user\documents\github\hyperxtalk\build\engine\release\obj\kernel\w32dnd.obj
c:\users\user\documents\github\hyperxtalk\build\engine\release\obj\kernel\w32dcw32.obj
c:\users\user\documents\github\hyperxtalk\build\engine\release\obj\kernel\w32dcs.obj
c:\users\user\documents\github\hyperxtalk\build\engine\release\obj\kernel\w32dce.obj
c:\users\user\documents\github\hyperxtalk\build\engine\release\obj\kernel\w32dc.obj
c:\users\user\documents\github\hyperxtalk\build\engine\release\obj\kernel\w32cursor.obj
c:\users\user\documents\github\hyperxtalk\build\engine\release\obj\kernel\w32compat.obj
c:\users\user\documents\github\hyperxtalk\build\engine\release\obj\kernel\w32color.obj
c:\users\user\documents\github\hyperxtalk\build\engine\release\obj\kernel\w32ans.obj
c:\users\user\documents\github\hyperxtalk\build\engine\release\obj\kernel\native-layer-win32.obj
c:\users\user\documents\github\hyperxtalk\build\engine\release\obj\kernel\platform-player.obj
c:\users\user\documents\github\hyperxtalk\build\engine\release\obj\kernel\platform.obj
c:\users\user\documents\github\hyperxtalk\build\engine\release\obj\kernel\legacy_spec.obj
c:\users\user\documents\github\hyperxtalk\build\engine\release\obj\kernel\desktop.obj
c:\users\user\documents\github\hyperxtalk\build\engine\release\obj\kernel\dskspec.obj
c:\users\user\documents\github\hyperxtalk\build\engine\release\obj\kernel\module-browser.obj
c:\users\user\documents\github\hyperxtalk\build\engine\release\obj\kernel\module-resources.obj
c:\users\user\documents\github\hyperxtalk\build\engine\release\obj\kernel\module-engine.obj
c:\users\user\documents\github\hyperxtalk\build\engine\release\obj\kernel\module-canvas.obj
c:\users\user\documents\github\hyperxtalk\build\engine\release\obj\kernel\w32-core-compat.obj
c:\users\user\documents\github\hyperxtalk\build\engine\release\obj\kernel\w32theme.obj
c:\users\user\documents\github\hyperxtalk\build\engine\release\obj\kernel\w32textlayout.obj
c:\users\user\documents\github\hyperxtalk\build\engine\release\obj\kernel\w32text.obj
c:\users\user\documents\github\hyperxtalk\build\engine\release\obj\kernel\w32stack.obj
c:\users\user\documents\github\hyperxtalk\build\engine\release\obj\kernel\w32sound.obj
c:\users\user\documents\github\hyperxtalk\build\engine\release\obj\kernel\w32script.obj
c:\users\user\documents\github\hyperxtalk\build\engine\release\obj\kernel\w32relaunch.obj
c:\users\user\documents\github\hyperxtalk\build\engine\release\obj\kernel\w32printer.obj
c:\users\user\documents\github\hyperxtalk\build\engine\release\lib\kernel.lib
c:\users\user\documents\github\hyperxtalk\build\engine\release\obj\kernel\kernel.tlog\cl.command.1.tlog
c:\users\user\documents\github\hyperxtalk\build\engine\release\obj\kernel\kernel.tlog\cl.items.tlog
c:\users\user\documents\github\hyperxtalk\build\engine\release\obj\kernel\kernel.tlog\cl.read.1.tlog
c:\users\user\documents\github\hyperxtalk\build\engine\release\obj\kernel\kernel.tlog\cl.write.1.tlog
c:\users\user\documents\github\hyperxtalk\build\engine\release\obj\kernel\kernel.tlog\lib-link.read.1.tlog
c:\users\user\documents\github\hyperxtalk\build\engine\release\obj\kernel\kernel.tlog\lib-link.write.1.tlog
c:\users\user\documents\github\hyperxtalk\build\engine\release\obj\kernel\kernel.tlog\lib.command.1.tlog
