c:\users\user\documents\github\hyperxtalk\build\toolchain\gentle\gentle\release\obj\gentle\vc145.pdb
c:\users\user\documents\github\hyperxtalk\build\toolchain\gentle\gentle\release\obj\gentle\yytab.obj
c:\users\user\documents\github\hyperxtalk\build\toolchain\gentle\gentle\release\obj\gentle\symtab.obj
c:\users\user\documents\github\hyperxtalk\build\toolchain\gentle\gentle\release\obj\gentle\output.obj
c:\users\user\documents\github\hyperxtalk\build\toolchain\gentle\gentle\release\obj\gentle\msg.obj
c:\users\user\documents\github\hyperxtalk\build\toolchain\gentle\gentle\release\obj\gentle\main.obj
c:\users\user\documents\github\hyperxtalk\build\toolchain\gentle\gentle\release\obj\gentle\input.obj
c:\users\user\documents\github\hyperxtalk\build\toolchain\gentle\gentle\release\obj\gentle\cyfront.obj
c:\users\user\documents\github\hyperxtalk\build\engine\release\gentle-target.exe
c:\users\user\documents\github\hyperxtalk\build\engine\release\gentle-target.pdb
c:\users\user\documents\github\hyperxtalk\build\toolchain\gentle\gentle\release\gentle-target.exe
c:\users\user\documents\github\hyperxtalk\build\toolchain\gentle\gentle\release\gentle-target.pdb
c:\users\user\documents\github\hyperxtalk\build\toolchain\gentle\gentle\release\\gentle-target.exe
c:\users\user\documents\github\hyperxtalk\build\toolchain\gentle\gentle\release\obj\gentle\gentle.tlog\cl.command.1.tlog
c:\users\user\documents\github\hyperxtalk\build\toolchain\gentle\gentle\release\obj\gentle\gentle.tlog\cl.items.tlog
c:\users\user\documents\github\hyperxtalk\build\toolchain\gentle\gentle\release\obj\gentle\gentle.tlog\cl.read.1.tlog
c:\users\user\documents\github\hyperxtalk\build\toolchain\gentle\gentle\release\obj\gentle\gentle.tlog\cl.write.1.tlog
c:\users\user\documents\github\hyperxtalk\build\toolchain\gentle\gentle\release\obj\gentle\gentle.tlog\link.command.1.tlog
c:\users\user\documents\github\hyperxtalk\build\toolchain\gentle\gentle\release\obj\gentle\gentle.tlog\link.read.1.tlog
c:\users\user\documents\github\hyperxtalk\build\toolchain\gentle\gentle\release\obj\gentle\gentle.tlog\link.secondary.1.tlog
c:\users\user\documents\github\hyperxtalk\build\toolchain\gentle\gentle\release\obj\gentle\gentle.tlog\link.write.1.tlog
